27-06-2024 11:10:02.951Z;functions.bot_text_art;      ____   
27-06-2024 11:10:02.951Z;functions.bot_text_art;     [____]    
27-06-2024 11:10:02.951Z;functions.bot_text_art;   |=]()()[=|  
27-06-2024 11:10:02.951Z;functions.bot_text_art;     _\==/__    _____    ____     _        _____    ___   _  __
27-06-2024 11:10:02.951Z;functions.bot_text_art;   |__|   |_|  |  _  \  / ___|   | |      |_   _| / ___| | |/ /
27-06-2024 11:10:02.951Z;functions.bot_text_art;   |_|_/\_|_|  | |  | | | |      | |        | |   | |    | ' / 
27-06-2024 11:10:02.951Z;functions.bot_text_art;   | | __ | |  | |  | | | |      | |        | |   | |    |  <  
27-06-2024 11:10:02.951Z;functions.bot_text_art;   |_|[  ]|_|  | |__| | | |____  | |____   _| |_  | |__  | . \ 
27-06-2024 11:10:02.951Z;functions.bot_text_art;   \_|_||_|_/  |_____/   \_____| |______| |_____| \ ___| |_|\_\
27-06-2024 11:10:02.951Z;functions.bot_text_art;     |_||_|                                                     
27-06-2024 11:10:02.951Z;functions.bot_text_art;     | ||_|_   
27-06-2024 11:10:02.951Z;functions.bot_text_art;   |___||___|  
27-06-2024 11:10:02.951Z;functions.bot_text_art;               
27-06-2024 11:10:02.966Z;functions.open_RM;  OPEN PROGRAM RM
27-06-2024 11:10:02.966Z;functions.caps;  DESATIVANDO CAPS
27-06-2024 11:10:02.966Z;functions.loggin_RM;  BUSCANDO LOGGIN RM
27-06-2024 11:10:25.223Z;functions.show_exception_and_exit;  The security token included in the request is invalid. ---> Amazon.Runtime.Internal.HttpErrorResponseException: O servidor remoto retornou um erro: (400) Solicitação Incorreta. ---> System.Net.WebException: O servidor remoto retornou um erro: (400) Solicitação Incorreta.
   em System.Net.HttpWebRequest.GetResponse()
   em Amazon.Runtime.Internal.HttpRequest.GetResponse()
   --- Fim do rastreamento de pilha de exceções internas ---
   em Amazon.Runtime.Internal.HttpRequest.GetResponse()
   em Amazon.Runtime.Internal.HttpHandler`1.InvokeSync(IExecutionContext executionContext)
   em Amazon.Runtime.Internal.Unmarshaller.InvokeSync(IExecutionContext executionContext)
   em Amazon.Runtime.Internal.ErrorHandler.InvokeSync(IExecutionContext executionContext)
   --- Fim do rastreamento de pilha de exceções internas ---
   em Amazon.Runtime.Internal.HttpErrorResponseExceptionHandler.HandleExceptionStream(IRequestContext requestContext, IWebResponseData httpErrorResponse, HttpErrorResponseException exception, Stream responseStream)
   em Amazon.Runtime.Internal.HttpErrorResponseExceptionHandler.HandleException(IExecutionContext executionContext, HttpErrorResponseException exception)
   em Amazon.Runtime.Internal.ErrorHandler.ProcessException(IExecutionContext executionContext, Exception exception)
   em Amazon.Runtime.Internal.ErrorHandler.InvokeSync(IExecutionContext executionContext)
   em Amazon.Runtime.Internal.CallbackHandler.InvokeSync(IExecutionContext executionContext)
   em Amazon.Runtime.Internal.EndpointDiscoveryHandler.InvokeSync(IExecutionContext executionContext)
   em Amazon.Runtime.Internal.RetryHandler.InvokeSync(IExecutionContext executionContext)
   em Amazon.Runtime.Internal.CallbackHandler.InvokeSync(IExecutionContext executionContext)
   em Amazon.Runtime.Internal.CallbackHandler.InvokeSync(IExecutionContext executionContext)
   em Amazon.Runtime.Internal.ErrorCallbackHandler.InvokeSync(IExecutionContext executionContext)
   em Amazon.Runtime.Internal.MetricsHandler.InvokeSync(IExecutionContext executionContext)
   em Amazon.Runtime.Internal.RuntimePipeline.InvokeSync(IExecutionContext executionContext)
   em Amazon.Runtime.AmazonServiceClient.Invoke[TResponse](AmazonWebServiceRequest request, InvokeOptionsBase options)
   em Clicknium.Telemetry.TelemetryWrapper.SendLogEvent(String logGroupName, String logStreamName, List`1 inputLogEvents)
   em Clicknium.Telemetry.TelemetryWrapper.SendLogEvent(String logGroupName, String logStreamName, List`1 logMessages)
   em Clicknium.Telemetry.TelemetryWrapper.HandleEvent(EventData eventData)
   em Clicknium.Telemetry.TelemetryWrapper.ReportEvent(EventData eventData)
System.Net.WebException: O servidor remoto retornou um erro: (400) Solicitação Incorreta.
   em System.Net.HttpWebRequest.GetResponse()
   em Amazon.Runtime.Internal.HttpRequest.GetResponse()

The above exception was the direct cause of the following exception:

Amazon.Runtime.Internal.HttpErrorResponseException: O servidor remoto retornou um erro: (400) Solicitação Incorreta. ---> System.Net.WebException: O servidor remoto retornou um erro: (400) Solicitação Incorreta.
   em System.Net.HttpWebRequest.GetResponse()
   em Amazon.Runtime.Internal.HttpRequest.GetResponse()
   --- Fim do rastreamento de pilha de exceções internas ---
   em Amazon.Runtime.Internal.HttpRequest.GetResponse()
   em Amazon.Runtime.Internal.HttpHandler`1.InvokeSync(IExecutionContext executionContext)
   em Amazon.Runtime.Internal.Unmarshaller.InvokeSync(IExecutionContext executionContext)
   em Amazon.Runtime.Internal.ErrorHandler.InvokeSync(IExecutionContext executionContext)

The above exception was the direct cause of the following exception:

Traceback (most recent call last):
  File "C:\Projetos_Remessas\Remessa_Bancaria\main.py", line 14, in <module>
    loggin_RM()
  File "C:\Projetos_Remessas\Remessa_Bancaria\SUBPROGRAMS\functions.py", line 89, in loggin_RM
    user_rm.send_hotkey(f'{user}')
  File "C:\Projetos_Remessas\Remessa_Bancaria\venv\Lib\site-packages\clicknium\core\service\invokerservice.py", line 156, in wrapper
    TelemetryService.report_event(EventTypes.ExceptionReport, properties)
  File "C:\Projetos_Remessas\Remessa_Bancaria\venv\Lib\site-packages\clicknium\core\service\invokerservice.py", line 396, in report_event
    TelemetryInstance.ReportEvent(data)
Amazon.CloudWatchLogs.AmazonCloudWatchLogsException: The security token included in the request is invalid. ---> Amazon.Runtime.Internal.HttpErrorResponseException: O servidor remoto retornou um erro: (400) Solicitação Incorreta. ---> System.Net.WebException: O servidor remoto retornou um erro: (400) Solicitação Incorreta.
   em System.Net.HttpWebRequest.GetResponse()
   em Amazon.Runtime.Internal.HttpRequest.GetResponse()
   --- Fim do rastreamento de pilha de exceções internas ---
   em Amazon.Runtime.Internal.HttpRequest.GetResponse()
   em Amazon.Runtime.Internal.HttpHandler`1.InvokeSync(IExecutionContext executionContext)
   em Amazon.Runtime.Internal.Unmarshaller.InvokeSync(IExecutionContext executionContext)
   em Amazon.Runtime.Internal.ErrorHandler.InvokeSync(IExecutionContext executionContext)
   --- Fim do rastreamento de pilha de exceções internas ---
   em Amazon.Runtime.Internal.HttpErrorResponseExceptionHandler.HandleExceptionStream(IRequestContext requestContext, IWebResponseData httpErrorResponse, HttpErrorResponseException exception, Stream responseStream)
   em Amazon.Runtime.Internal.HttpErrorResponseExceptionHandler.HandleException(IExecutionContext executionContext, HttpErrorResponseException exception)
   em Amazon.Runtime.Internal.ErrorHandler.ProcessException(IExecutionContext executionContext, Exception exception)
   em Amazon.Runtime.Internal.ErrorHandler.InvokeSync(IExecutionContext executionContext)
   em Amazon.Runtime.Internal.CallbackHandler.InvokeSync(IExecutionContext executionContext)
   em Amazon.Runtime.Internal.EndpointDiscoveryHandler.InvokeSync(IExecutionContext executionContext)
   em Amazon.Runtime.Internal.RetryHandler.InvokeSync(IExecutionContext executionContext)
   em Amazon.Runtime.Internal.CallbackHandler.InvokeSync(IExecutionContext executionContext)
   em Amazon.Runtime.Internal.CallbackHandler.InvokeSync(IExecutionContext executionContext)
   em Amazon.Runtime.Internal.ErrorCallbackHandler.InvokeSync(IExecutionContext executionContext)
   em Amazon.Runtime.Internal.MetricsHandler.InvokeSync(IExecutionContext executionContext)
   em Amazon.Runtime.Internal.RuntimePipeline.InvokeSync(IExecutionContext executionContext)
   em Amazon.Runtime.AmazonServiceClient.Invoke[TResponse](AmazonWebServiceRequest request, InvokeOptionsBase options)
   em Clicknium.Telemetry.TelemetryWrapper.SendLogEvent(String logGroupName, String logStreamName, List`1 inputLogEvents)
   em Clicknium.Telemetry.TelemetryWrapper.SendLogEvent(String logGroupName, String logStreamName, List`1 logMessages)
   em Clicknium.Telemetry.TelemetryWrapper.HandleEvent(EventData eventData)
   em Clicknium.Telemetry.TelemetryWrapper.ReportEvent(EventData eventData)
