05-08-2024 19:18:40.355Z;functions.bot_text_art;      ____   
05-08-2024 19:18:40.356Z;functions.bot_text_art;     [____]    
05-08-2024 19:18:40.356Z;functions.bot_text_art;   |=]()()[=|  
05-08-2024 19:18:40.356Z;functions.bot_text_art;     _\==/__    _____    ____     _        _____    ___   _  __
05-08-2024 19:18:40.357Z;functions.bot_text_art;   |__|   |_|  |  _  \  / ___|   | |      |_   _| / ___| | |/ /
05-08-2024 19:18:40.357Z;functions.bot_text_art;   |_|_/\_|_|  | |  | | | |      | |        | |   | |    | ' / 
05-08-2024 19:18:40.357Z;functions.bot_text_art;   | | __ | |  | |  | | | |      | |        | |   | |    |  <  
05-08-2024 19:18:40.357Z;functions.bot_text_art;   |_|[  ]|_|  | |__| | | |____  | |____   _| |_  | |__  | . \ 
05-08-2024 19:18:40.360Z;functions.bot_text_art;   \_|_||_|_/  |_____/   \_____| |______| |_____| \ ___| |_|\_\
05-08-2024 19:18:40.360Z;functions.bot_text_art;     |_||_|                                                     
05-08-2024 19:18:40.360Z;functions.bot_text_art;     | ||_|_   
05-08-2024 19:18:40.360Z;functions.bot_text_art;   |___||___|  
05-08-2024 19:18:40.361Z;functions.bot_text_art;               
05-08-2024 19:18:40.366Z;functions.open_RM;  OPEN PROGRAM RM
05-08-2024 19:18:40.367Z;functions.caps;  DESATIVANDO CAPS
05-08-2024 19:18:40.367Z;functions.loggin_RM;  BUSCANDO LOGGIN RM
05-08-2024 19:18:48.186Z;functions.loggin_RM;  ENTER USER_NAME
05-08-2024 19:18:52.258Z;functions.loggin_RM;  ENTER PASSWORD
05-08-2024 19:18:53.187Z;functions.loggin_RM;  ENTER RM
05-08-2024 19:19:10.592Z;functions.enter_coligada;  CLICK CONTEXTO
05-08-2024 19:19:14.530Z;functions.enter_coligada;  CLICK ALTERAR MODULO DO CONTEXTO
05-08-2024 19:19:17.155Z;functions.enter_coligada;  INSERE O COLIGADA CODE = 1
05-08-2024 19:19:17.256Z;functions.enter_coligada;  APERTA TAB PARA PREENCHER O CAMPO COM A STRING: OCEANICA ENGENHARIA E CONSULTORIA S.A.
05-08-2024 19:19:18.280Z;functions.enter_coligada;  CLICK AVANÇAR NOVAMENTE
05-08-2024 19:19:19.218Z;functions.enter_coligada;  CLICK CONCLUIR
05-08-2024 19:19:19.315Z;functions.show_exception_and_exit;  
Traceback (most recent call last):
  File "C:\Users\Dclick\AppData\Local\Programs\Python\Python312\Lib\site-packages\pyautogui\__init__.py", line 172, in wrapper
    return wrappedFunction(*args, **kwargs)
           ^^^^^^^^^^^^^^^^^^^^^^^^^^^^^^^^
  File "C:\Users\Dclick\AppData\Local\Programs\Python\Python312\Lib\site-packages\pyautogui\__init__.py", line 210, in locateOnScreen
    return pyscreeze.locateOnScreen(*args, **kwargs)
           ^^^^^^^^^^^^^^^^^^^^^^^^^^^^^^^^^^^^^^^^^
  File "C:\Users\Dclick\AppData\Local\Programs\Python\Python312\Lib\site-packages\pyscreeze\__init__.py", line 405, in locateOnScreen
    retVal = locate(image, screenshotIm, **kwargs)
             ^^^^^^^^^^^^^^^^^^^^^^^^^^^^^^^^^^^^^
  File "C:\Users\Dclick\AppData\Local\Programs\Python\Python312\Lib\site-packages\pyscreeze\__init__.py", line 383, in locate
    points = tuple(locateAll(needleImage, haystackImage, **kwargs))
             ^^^^^^^^^^^^^^^^^^^^^^^^^^^^^^^^^^^^^^^^^^^^^^^^^^^^^^
  File "C:\Users\Dclick\AppData\Local\Programs\Python\Python312\Lib\site-packages\pyscreeze\__init__.py", line 257, in _locateAll_opencv
    raise ImageNotFoundException('Could not locate the image (highest confidence = %.3f)' % result.max())
pyscreeze.ImageNotFoundException: Could not locate the image (highest confidence = 0.317)

During handling of the above exception, another exception occurred:

Traceback (most recent call last):
  File "c:\Projetos_Remessas\Remessa_Bancaria\main.py", line 15, in <module>
    enter_coligada()
  File "c:\Projetos_Remessas\Remessa_Bancaria\SUBPROGRAMS\functions.py", line 177, in enter_coligada
    troca = waitForImage(image = troca_coligada, timeout=20, name = 'TROCA COLIGADA')
            ^^^^^^^^^^^^^^^^^^^^^^^^^^^^^^^^^^^^^^^^^^^^^^^^^^^^^^^^^^^^^^^^^^^^^^^^^
  File "c:\Projetos_Remessas\Remessa_Bancaria\SUBPROGRAMS\functions.py", line 2494, in waitForImage
    location = pyautogui.locateOnScreen(image=image, confidence=0.9)
               ^^^^^^^^^^^^^^^^^^^^^^^^^^^^^^^^^^^^^^^^^^^^^^^^^^^^^
  File "C:\Users\Dclick\AppData\Local\Programs\Python\Python312\Lib\site-packages\pyautogui\__init__.py", line 174, in wrapper
    raise ImageNotFoundException  # Raise PyAutoGUI's ImageNotFoundException.
    ^^^^^^^^^^^^^^^^^^^^^^^^^^^^
pyautogui.ImageNotFoundException
05-08-2024 19:19:19.483Z;functions.show_exception_and_exit;  PRINT SALVO
05-08-2024 19:19:19.601Z;functions.show_exception_and_exit;  RM FECHADO
05-08-2024 19:19:21.342Z;errorhandler.__handle;  Property: Unknown Property name. [1:203: -ms-interpolation-mode]
05-08-2024 19:19:21.342Z;errorhandler.__handle;  Property: Unknown Property name. [1:353: -webkit-font-smoothing]
05-08-2024 19:19:21.357Z;errorhandler.__handle;  Property: Unknown Property name. [1:483: -ms-text-size-adjust]
05-08-2024 19:19:21.357Z;errorhandler.__handle;  Property: Unknown Property name. [1:518: -webkit-text-size-adjust]
05-08-2024 19:19:21.358Z;errorhandler.__handle;  Property: Unknown Property name. [1:612: mso-table-lspace]
05-08-2024 19:19:21.359Z;errorhandler.__handle;  Property: Unknown Property name. [1:642: mso-table-rspace]
05-08-2024 19:19:21.406Z;errorhandler.__handle;  Property: Unknown Property name. [1:4734: mso-hide]
05-08-2024 19:19:21.430Z;errorhandler.__handle;  Property: Unknown Property name. [1:13: -ms-interpolation-mode]
05-08-2024 19:19:21.432Z;errorhandler.__handle;  Property: Unknown Property name. [1:49: -webkit-font-smoothing]
05-08-2024 19:19:21.433Z;errorhandler.__handle;  Property: Unknown Property name. [1:134: -ms-text-size-adjust]
05-08-2024 19:19:21.434Z;errorhandler.__handle;  Property: Unknown Property name. [1:160: -webkit-text-size-adjust]
05-08-2024 19:19:21.435Z;errorhandler.__handle;  Property: Unknown Property name. [1:26: mso-table-lspace]
05-08-2024 19:19:21.435Z;errorhandler.__handle;  Property: Unknown Property name. [1:45: mso-table-rspace]
05-08-2024 19:19:21.446Z;errorhandler.__handle;  Property: Unknown Property name. [1:92: mso-hide]
05-08-2024 19:19:21.450Z;errorhandler.__handle;  Property: No ":" after name found: align-center [1:1: align-center]
05-08-2024 19:19:21.451Z;errorhandler.__handle;  Property: No property value found: align-center [1:1: align-center]
05-08-2024 19:19:21.451Z;errorhandler.__handle;  CSSStyleDeclaration: Syntax Error in Property: align-center
05-08-2024 19:19:21.453Z;errorhandler.__handle;  Property: Unknown Property name. [1:14: -ms-interpolation-mode]
05-08-2024 19:19:25.061Z;functions.show_exception_and_exit;  EMAIL EXCEÇÃO ENVIADO
