08-11-2023 18:48:17.155Z;functions.bot_text_art;      ____   
08-11-2023 18:48:17.155Z;functions.bot_text_art;     [____]    
08-11-2023 18:48:17.155Z;functions.bot_text_art;   |=]()()[=|  
08-11-2023 18:48:17.156Z;functions.bot_text_art;     _\==/__    _____    ____     _        _____    ___   _  __
08-11-2023 18:48:17.156Z;functions.bot_text_art;   |__|   |_|  |  _  \  / ___|   | |      |_   _| / ___| | |/ /
08-11-2023 18:48:17.157Z;functions.bot_text_art;   |_|_/\_|_|  | |  | | | |      | |        | |   | |    | ' / 
08-11-2023 18:48:17.157Z;functions.bot_text_art;   | | __ | |  | |  | | | |      | |        | |   | |    |  <  
08-11-2023 18:48:17.158Z;functions.bot_text_art;   |_|[  ]|_|  | |__| | | |____  | |____   _| |_  | |__  | . \ 
08-11-2023 18:48:17.159Z;functions.bot_text_art;   \_|_||_|_/  |_____/   \_____| |______| |_____| \ ___| |_|\_\
08-11-2023 18:48:17.159Z;functions.bot_text_art;     |_||_|                                                     
08-11-2023 18:48:17.159Z;functions.bot_text_art;     | ||_|_   
08-11-2023 18:48:17.160Z;functions.bot_text_art;   |___||___|  
08-11-2023 18:48:17.160Z;functions.bot_text_art;               
08-11-2023 18:48:17.163Z;functions.open_RM;  OPEN PROGRAM RM
08-11-2023 18:48:24.830Z;functions.loggin_RM;  ENTER USER_NAME
08-11-2023 18:48:25.709Z;functions.loggin_RM;  ENTER PASSWORD
08-11-2023 18:48:26.444Z;functions.loggin_RM;  ENTER RM
08-11-2023 18:48:46.696Z;functions.enter_coligada;  CLICK CONTEXTO
08-11-2023 18:48:50.621Z;functions.enter_coligada;  CLICK COLIGADA 1
08-11-2023 18:48:51.788Z;functions.enter_coligada;  CLICK AVANÇAR
08-11-2023 18:48:53.641Z;functions.enter_coligada;  INSERE O COLIGADA CODE = 1
08-11-2023 18:48:53.743Z;functions.enter_coligada;  APERTA TAB PARA PREENCHER O CAMPO COM A STRING: OCEANICA ENGENHARIA E CONSULTORIA S.A.
08-11-2023 18:48:54.728Z;functions.enter_coligada;  CLICK AVANÇAR NOVAMENTE
08-11-2023 18:48:55.631Z;functions.enter_coligada;  CLICK CONCLUIR
08-11-2023 18:49:06.736Z;functions.enter_coligada;  POP UP COLIGADA DESAPARECER
08-11-2023 18:49:07.368Z;functions.enter_contas_a_pagar;  CLICK - TOTVS - LINHA RM
08-11-2023 18:49:08.455Z;functions.enter_contas_a_pagar;  CLICK - BACK OFFICE
08-11-2023 18:49:10.775Z;functions.enter_contas_a_pagar;  CLICK - GESTAO FINANCEIRA
08-11-2023 18:49:16.064Z;functions.enter_contas_a_pagar;  CLICK - CONTAS A PAGAR
08-11-2023 18:49:16.141Z;functions.waitForImage;  LANÇAMENTOS image found.
08-11-2023 18:49:18.245Z;functions.enter_contas_a_pagar;  CLICA EM LANÇAMENTOS
08-11-2023 18:49:20.247Z;functions.data_filter;  CLICK - SELECIONA A DATA DE QUARTA FEIRA E DA PROXIMA TERÇA
08-11-2023 18:49:20.247Z;functions.data_filter;  QUARTA-FEIRA: 08-11-2023
08-11-2023 18:49:20.248Z;functions.data_filter;  TERCA-FEIRA: 14-11-2023
08-11-2023 18:49:26.074Z;functions.data_filter;  ESCREVE REMESSA BANCÁRIA NO FILTRO
08-11-2023 18:49:26.704Z;functions.data_filter;  CLICK - BUTÃO DE SELECAO DE FILTRO
08-11-2023 18:49:28.712Z;functions.data_filter;  INSERE - DATA DE QUARTA-FEIRA: 08-11-2023
08-11-2023 18:49:30.352Z;functions.data_filter;  INSERE - DATA DA PROX TERCA-FEIRA: 14-11-2023
08-11-2023 18:49:30.997Z;functions.data_filter;  CLICK - BUTÃO DE EXECUTAR O FILTRO
08-11-2023 18:49:48.041Z;functions.select_tipo_documento;  NOME DA COLUNA: Tipo de Documento
08-11-2023 18:49:48.095Z;functions.waitForImage;  FILTER CLEAN image found.
08-11-2023 18:49:50.205Z;functions.filter_clean;  CLICA NO BOTÃO X DO LIMPA FILTRO
08-11-2023 18:49:53.049Z;functions.select_tipo_documento;  NOME DA COLUNA: Tipo de Documento
08-11-2023 18:49:54.298Z;functions.select_tipo_documento;  HOVER NOME DA COLUNA: Tipo de Documento
08-11-2023 18:49:54.492Z;functions.select_tipo_documento;  CLICA PARA APARECER O FILTRO PERSONALIZAR
08-11-2023 18:49:54.802Z;functions.select_tipo_documento;  CLICA NO FILTRO PERSONALIZAR
08-11-2023 18:49:55.661Z;functions.select_tipo_documento;  CLICA PARA SELECIONAR OPÇÕES DO FILTRO
08-11-2023 18:50:02.699Z;functions.select_tipo_documento;  CLICK BUTTON CONFIRMAR FILTRO
08-11-2023 18:50:03.728Z;functions.desmark_filter;  CLICK CHECKBOX LANÇAMENTOS A RECEBER
08-11-2023 18:50:04.596Z;functions.desmark_filter;  CLICK CHECKBOX LANÇAMENTOS BAIXADOS
08-11-2023 18:50:05.486Z;functions.desmark_filter;  CLICK CHECKBOX LANÇAMENTOS CANCELADOS
08-11-2023 18:50:06.417Z;functions.desmark_filter;  CLICK CHECKBOX LANÇAMENTOS FATURADOS
08-11-2023 18:50:07.357Z;functions.desmark_filter;  CLICK CHECKBOX LANÇAMENTOS FATURADOS
08-11-2023 18:50:08.255Z;functions.filter_IPTE;  CLICK NA PRIMEIRA LINHA E COLUNA DA TABELA
08-11-2023 18:50:23.117Z;functions.filter_IPTE;  147 PASSOS PARA DIREITA NA TABELA >>
08-11-2023 18:50:25.281Z;functions.filter_IPTE;  HOVER FILTER
08-11-2023 18:50:25.413Z;functions.filter_IPTE;  CLICK FILTER
08-11-2023 18:50:29.724Z;functions.filter_IPTE;  CLICA NO FILTRO PERSONALIZAR
08-11-2023 18:50:31.725Z;functions.tabela_vazia;  VERIFICANDO SE A TABELA ESTÁ VAZIA
08-11-2023 18:50:44.454Z;functions.tabela_vazia;  Para este processo é necessário que existam registros na visão.
08-11-2023 18:50:47.076Z;functions.tabela_vazia;  ABERTA BOTÃO OK
08-11-2023 18:50:49.077Z;functions.tabela_vazia;  SEM REMESSA DE FÉRIAS/RESCISÃO
08-11-2023 18:50:51.180Z;functions.tabela_vazia;  FECHA A TABELA
08-11-2023 18:50:53.181Z;main.<module>;  SEM REMESSA BOLETO
08-11-2023 18:50:53.830Z;functions.enter_contas_a_pagar;  CLICK - TOTVS - LINHA RM
08-11-2023 18:50:54.871Z;functions.enter_contas_a_pagar;  CLICK - BACK OFFICE
08-11-2023 18:50:55.595Z;functions.enter_contas_a_pagar;  CLICK - GESTAO FINANCEIRA
08-11-2023 18:51:01.137Z;functions.enter_contas_a_pagar;  CLICK - CONTAS A PAGAR
08-11-2023 18:51:01.247Z;functions.waitForImage;  LANÇAMENTOS image found.
08-11-2023 18:51:03.368Z;functions.enter_contas_a_pagar;  CLICA EM LANÇAMENTOS
08-11-2023 18:51:05.369Z;functions.data_filter;  CLICK - SELECIONA A DATA DE QUARTA FEIRA E DA PROXIMA TERÇA
08-11-2023 18:51:05.370Z;functions.data_filter;  QUARTA-FEIRA: 08-11-2023
08-11-2023 18:51:05.370Z;functions.data_filter;  TERCA-FEIRA: 14-11-2023
08-11-2023 18:51:25.048Z;functions.data_filter;  CLICK - MAXIMIZAR FAIXA DE OPÇÕES
08-11-2023 18:51:27.763Z;functions.data_filter;  CLICK - CONTAS A PAGAR
08-11-2023 18:51:27.855Z;functions.waitForImage;  LANÇAMENTOS image found.
08-11-2023 18:51:29.964Z;functions.data_filter;  CLICA EM LANÇAMENTOS
08-11-2023 18:51:49.529Z;functions.show_exception_and_exit;  
Traceback (most recent call last):
  File "c:\Projetos\Remessas_Bancarias\SUBPROGRAMS\functions.py", line 158, in data_filter
    select_filter.set_text('REMESSA BANCÁRIA')
    ^^^^^^^^^^^^^^^^^^^^^^
AttributeError: 'NoneType' object has no attribute 'set_text'

During handling of the above exception, another exception occurred:

Traceback (most recent call last):
  File "c:\Projetos\Remessas_Bancarias\main.py", line 24, in <module>
    data_filter()
  File "c:\Projetos\Remessas_Bancarias\SUBPROGRAMS\functions.py", line 181, in data_filter
    select_filter = cc.wait_appear(locator.rm.select_filter, wait_timeout=15)
                    ^^^^^^^^^^^^^^^^^^^^^^^^^^^^^^^^^^^^^^^^^^^^^^^^^^^^^^^^^
  File "C:\Projetos\Remessas_Bancarias\venv\Lib\site-packages\clicknium\_clicknium.py", line 189, in wait_appear
    ele = _InvokerService.wait_appear(
          ^^^^^^^^^^^^^^^^^^^^^^^^^^^^
  File "C:\Projetos\Remessas_Bancarias\venv\Lib\site-packages\clicknium\core\service\invokerservice.py", line 50, in wrapper
    return func(*args, **kwargs)
           ^^^^^^^^^^^^^^^^^^^^^
  File "C:\Projetos\Remessas_Bancarias\venv\Lib\site-packages\clicknium\core\service\invokerservice.py", line 308, in wait_appear
    return UiElementRunner.WaitElementAppear(locator_item.Locator, locator_item.Locator_Variables, locator_item.Locator_Image, timeout * 1000)
           ^^^^^^^^^^^^^^^^^^^^^^^^^^^^^^^^^^^^^^^^^^^^^^^^^^^^^^^^^^^^^^^^^^^^^^^^^^^^^^^^^^^^^^^^^^^^^^^^^^^^^^^^^^^^^^^^^^^^^^^^^^^^^^^^^^^
KeyboardInterrupt
