01-11-2023 10:44:18.495Z;functions.bot_text_art;      ____   
01-11-2023 10:44:18.495Z;functions.bot_text_art;     [____]    
01-11-2023 10:44:18.495Z;functions.bot_text_art;   |=]()()[=|  
01-11-2023 10:44:18.495Z;functions.bot_text_art;     _\==/__    _____    ____     _        _____    ___   _  __
01-11-2023 10:44:18.496Z;functions.bot_text_art;   |__|   |_|  |  _  \  / ___|   | |      |_   _| / ___| | |/ /
01-11-2023 10:44:18.496Z;functions.bot_text_art;   |_|_/\_|_|  | |  | | | |      | |        | |   | |    | ' / 
01-11-2023 10:44:18.496Z;functions.bot_text_art;   | | __ | |  | |  | | | |      | |        | |   | |    |  <  
01-11-2023 10:44:18.496Z;functions.bot_text_art;   |_|[  ]|_|  | |__| | | |____  | |____   _| |_  | |__  | . \ 
01-11-2023 10:44:18.498Z;functions.bot_text_art;   \_|_||_|_/  |_____/   \_____| |______| |_____| \ ___| |_|\_\
01-11-2023 10:44:18.498Z;functions.bot_text_art;     |_||_|                                                     
01-11-2023 10:44:18.498Z;functions.bot_text_art;     | ||_|_   
01-11-2023 10:44:18.498Z;functions.bot_text_art;   |___||___|  
01-11-2023 10:44:18.499Z;functions.bot_text_art;               
01-11-2023 10:44:18.502Z;functions.open_RM;  OPEN PROGRAM RM
01-11-2023 10:44:25.534Z;functions.loggin_RM;  ENTER USER_NAME
01-11-2023 10:44:26.336Z;functions.loggin_RM;  ENTER PASSWORD
01-11-2023 10:44:27.006Z;functions.loggin_RM;  ENTER RM
01-11-2023 10:44:47.077Z;functions.enter_coligada;  CLICK CONTEXTO
01-11-2023 10:44:51.109Z;functions.enter_coligada;  CLICK COLIGADA 1
01-11-2023 10:44:52.241Z;functions.enter_coligada;  CLICK AVANÇAR
01-11-2023 10:44:54.002Z;functions.enter_coligada;  INSERE O COLIGADA CODE = 1
01-11-2023 10:44:54.104Z;functions.enter_coligada;  APERTA TAB PARA PREENCHER O CAMPO COM A STRING: OCEANICA ENGENHARIA E CONSULTORIA S.A.
01-11-2023 10:44:55.089Z;functions.enter_coligada;  CLICK AVANÇAR NOVAMENTE
01-11-2023 10:44:55.985Z;functions.enter_coligada;  CLICK CONCLUIR
01-11-2023 10:45:06.169Z;functions.enter_coligada;  POP UP COLIGADA DESAPARECER
01-11-2023 10:45:06.774Z;functions.enter_contas_a_pagar;  CLICK - TOTVS - LINHA RM
01-11-2023 10:45:07.829Z;functions.enter_contas_a_pagar;  CLICK - BACK OFFICE
01-11-2023 10:45:08.525Z;functions.enter_contas_a_pagar;  CLICK - GESTAO FINANCEIRA
01-11-2023 10:45:11.550Z;functions.enter_contas_a_pagar;  CLICK - CONTAS A PAGAR
01-11-2023 10:45:11.666Z;functions.waitForImage;  LANÇAMENTOS image found.
01-11-2023 10:45:13.769Z;functions.enter_contas_a_pagar;  CLICA EM LANÇAMENTOS
01-11-2023 10:45:15.770Z;functions.data_filter;  CLICK - SELECIONA A DATA DE QUARTA FEIRA E DA PROXIMA TERÇA
01-11-2023 10:45:15.771Z;functions.data_filter;  QUARTA-FEIRA: 01-11-2023
01-11-2023 10:45:15.771Z;functions.data_filter;  TERCA-FEIRA: 07-11-2023
01-11-2023 10:45:21.558Z;functions.data_filter;  ESCREVE REMESSA BANCÁRIA NO FILTRO
01-11-2023 10:45:22.164Z;functions.data_filter;  CLICK - BUTÃO DE SELECAO DE FILTRO
01-11-2023 10:45:24.096Z;functions.data_filter;  INSERE - DATA DE QUARTA-FEIRA: 01-11-2023
01-11-2023 10:45:25.711Z;functions.data_filter;  INSERE - DATA DA PROX TERCA-FEIRA: 07-11-2023
01-11-2023 10:45:26.329Z;functions.data_filter;  CLICK - BUTÃO DE EXECUTAR O FILTRO
01-11-2023 10:47:18.399Z;functions.select_tipo_documento;  NOME DA COLUNA: Tipo de Documento
01-11-2023 10:47:19.625Z;functions.select_tipo_documento;  HOVER NOME DA COLUNA: Tipo de Documento
01-11-2023 10:47:19.742Z;functions.select_tipo_documento;  CLICA PARA APARECER O FILTRO PERSONALIZAR
01-11-2023 10:47:20.059Z;functions.select_tipo_documento;  CLICA NO FILTRO PERSONALIZAR
01-11-2023 10:47:20.895Z;functions.select_tipo_documento;  CLICA PARA SELECIONAR OPÇÕES DO FILTRO
01-11-2023 10:47:27.915Z;functions.select_tipo_documento;  CLICK BUTTON CONFIRMAR FILTRO
01-11-2023 10:47:29.059Z;functions.desmark_filter;  CLICK CHECKBOX LANÇAMENTOS A RECEBER
01-11-2023 10:47:30.072Z;functions.desmark_filter;  CLICK CHECKBOX LANÇAMENTOS BAIXADOS
01-11-2023 10:47:30.907Z;functions.desmark_filter;  CLICK CHECKBOX LANÇAMENTOS CANCELADOS
01-11-2023 10:47:31.769Z;functions.desmark_filter;  CLICK CHECKBOX LANÇAMENTOS FATURADOS
01-11-2023 10:47:32.652Z;functions.desmark_filter;  CLICK CHECKBOX LANÇAMENTOS FATURADOS
01-11-2023 10:47:33.491Z;functions.filter_IPTE;  CLICK NA PRIMEIRA LINHA E COLUNA DA TABELA
01-11-2023 10:47:48.352Z;functions.filter_IPTE;  147 PASSOS PARA DIREITA NA TABELA >>
01-11-2023 10:47:50.365Z;functions.filter_IPTE;  HOVER FILTER
01-11-2023 10:47:50.483Z;functions.filter_IPTE;  CLICK FILTER
01-11-2023 10:47:54.793Z;functions.filter_IPTE;  CLICA NO FILTRO PERSONALIZAR
01-11-2023 10:48:36.153Z;functions.show_exception_and_exit;  
Traceback (most recent call last):
  File "C:\Projetos\Remessas_Bancarias\venv\Lib\site-packages\clicknium\core\service\invokerservice.py", line 50, in wrapper
    return func(*args, **kwargs)
           ^^^^^^^^^^^^^^^^^^^^^
  File "C:\Projetos\Remessas_Bancarias\venv\Lib\site-packages\clicknium\core\models\uielement.py", line 407, in get_text
    return self._element.GetText(timeout * 1000)
           ^^^^^^^^^^^^^^^^^^^^^^^^^^^^^^^^^^^^^
Clicknium.Common.Exception.ElementNotFoundException: Element can not be found.
   em Clicknium.Wrapper.DesktopUiElement.GetDesktopElement(Boolean waitForReady, Int32 pid, Int32 timeout, CancellationToken token)
   em Clicknium.Wrapper.DesktopUiElement.GetElement(Int32 timeout)
   em Clicknium.Wrapper.DesktopUiElement.GetText(Int32 timeout)

During handling of the above exception, another exception occurred:

Traceback (most recent call last):
  File "c:\Projetos\Remessas_Bancarias\main.py", line 19, in <module>
    check_table_record()
  File "c:\Projetos\Remessas_Bancarias\SUBPROGRAMS\functions.py", line 301, in check_table_record
    table_rows = ui(locator.rm.text_table_row).get_text()
                 ^^^^^^^^^^^^^^^^^^^^^^^^^^^^^^^^^^^^^^^^
  File "C:\Projetos\Remessas_Bancarias\venv\Lib\site-packages\clicknium\core\service\invokerservice.py", line 98, in wrapper
    exception = ElementNotFoundError(exception_message, exception_stacktrace)
                ^^^^^^^^^^^^^^^^^^^^^^^^^^^^^^^^^^^^^^^^^^^^^^^^^^^^^^^^^^^^^
  File "C:\Projetos\Remessas_Bancarias\venv\Lib\site-packages\clicknium\common\models\exceptions.py", line 6, in __init__
    def __init__(self, message, stacktrace = None):
    
KeyboardInterrupt
